<?xml version="1.0" encoding="UTF-8"?>
<!-- Generated by org.testng.reporters.JUnitReportReporter -->
<testsuite hostname="DESKTOP-AIOERAQ" failures="0" tests="2" name="Tests.SelectAnyShoes" time="10.015" errors="0" timestamp="2022-02-12T23:14:29 GST" skipped="0">
  <testcase classname="Tests.SelectAnyShoes" name="searchShoes" time="4.395"/>
  <system-out/>
  <testcase classname="Tests.SelectAnyShoes" name="selectShoes" time="5.620"/>
  <system-out/>
</testsuite> <!-- Tests.SelectAnyShoes -->
